<?xml version="1.0" encoding="utf-8"?><testsuites name="pytest tests"><testsuite name="pytest" errors="0" failures="0" skipped="0" tests="20" time="4.935" timestamp="2026-07-05T05:48:08.679293+00:00" hostname="agent-env-a3834d42-f1c8-4e4d-8913-3dde5feca660"><testcase classname="backend.tests.test_ourspace_backend.TestAuth" name="test_login_success" time="0.391" /><testcase classname="backend.tests.test_ourspace_backend.TestAuth" name="test_login_wrong_password" time="0.319" /><testcase classname="backend.tests.test_ourspace_backend.TestAuth" name="test_me" time="0.412" /><testcase classname="backend.tests.test_ourspace_backend.TestAuth" name="test_me_no_auth" time="0.095" /><testcase classname="backend.tests.test_ourspace_backend.TestAuth" name="test_register_and_login" time="0.647" /><testcase classname="backend.tests.test_ourspace_backend.TestAuth" name="test_register_duplicate" time="0.095" /><testcase classname="backend.tests.test_ourspace_backend.TestCatalog" name="test_colleges" time="0.090" /><testcase classname="backend.tests.test_ourspace_backend.TestCatalog" name="test_courses" time="0.096" /><testcase classname="backend.tests.test_ourspace_backend.TestAcademic" name="test_dashboard" time="0.103" /><testcase classname="backend.tests.test_ourspace_backend.TestAcademic" name="test_material" time="0.097" /><testcase classname="backend.tests.test_ourspace_backend.TestAcademic" name="test_pyqs" time="0.112" /><testcase classname="backend.tests.test_ourspace_backend.TestAcademic" name="test_assignments" time="0.108" /><testcase classname="backend.tests.test_ourspace_backend.TestAcademic" name="test_notices_all" time="0.105" /><testcase classname="backend.tests.test_ourspace_backend.TestAcademic" name="test_notices_filter" time="0.097" /><testcase classname="backend.tests.test_ourspace_backend.TestAcademic" name="test_marks" time="0.093" /><testcase classname="backend.tests.test_ourspace_backend.TestGroups" name="test_list_groups" time="0.098" /><testcase classname="backend.tests.test_ourspace_backend.TestGroups" name="test_get_messages_seeded" time="0.105" /><testcase classname="backend.tests.test_ourspace_backend.TestGroups" name="test_send_message_and_persist" time="0.195" /><testcase classname="backend.tests.test_ourspace_backend.TestGroups" name="test_send_to_unknown_group" time="0.106" /><testcase classname="backend.tests.test_ourspace_backend.TestChangePassword" name="test_change_password_flow" time="1.506" /></testsuite></testsuites>